2024-06-26 18:42:27,963 - elsapy.elsclient - INFO - Module loaded.
2024-06-26 18:42:27,982 - elsapy.elsentity - INFO - Module loaded.
2024-06-26 18:42:27,983 - elsapy.elsdoc - INFO - Module loaded.
2024-06-26 18:42:27,988 - elsapy.utils - INFO - Module loaded.
2024-06-26 18:42:27,989 - elsapy.elssearch - INFO - Module loaded.
2024-06-26 18:42:38,045 - elsapy.elsclient - INFO - Module loaded.
2024-06-26 18:42:38,056 - elsapy.elsentity - INFO - Module loaded.
2024-06-26 18:42:38,057 - elsapy.elsdoc - INFO - Module loaded.
2024-06-26 18:42:38,062 - elsapy.utils - INFO - Module loaded.
2024-06-26 18:42:38,062 - elsapy.elssearch - INFO - Module loaded.
2024-06-26 18:48:06,751 - elsapy.elsclient - INFO - Module loaded.
2024-06-26 18:48:06,755 - elsapy.elsentity - INFO - Module loaded.
2024-06-26 18:48:06,757 - elsapy.elsdoc - INFO - Module loaded.
2024-06-26 18:48:06,760 - elsapy.utils - INFO - Module loaded.
2024-06-26 18:48:06,761 - elsapy.elssearch - INFO - Module loaded.
2024-06-26 18:48:14,816 - elsapy.elsclient - INFO - Module loaded.
2024-06-26 18:48:14,820 - elsapy.elsentity - INFO - Module loaded.
2024-06-26 18:48:14,820 - elsapy.elsdoc - INFO - Module loaded.
2024-06-26 18:48:14,820 - elsapy.utils - INFO - Module loaded.
2024-06-26 18:48:14,820 - elsapy.elssearch - INFO - Module loaded.
2024-06-26 18:50:04,104 - elsapy.elsclient - INFO - Module loaded.
2024-06-26 18:50:04,111 - elsapy.elsentity - INFO - Module loaded.
2024-06-26 18:50:04,112 - elsapy.elsdoc - INFO - Module loaded.
2024-06-26 18:50:04,117 - elsapy.utils - INFO - Module loaded.
2024-06-26 18:50:04,118 - elsapy.elssearch - INFO - Module loaded.
2024-06-26 18:50:34,520 - elsapy.elsclient - INFO - Module loaded.
2024-06-26 18:50:34,520 - elsapy.elsentity - INFO - Module loaded.
2024-06-26 18:50:34,520 - elsapy.elsdoc - INFO - Module loaded.
2024-06-26 18:50:34,537 - elsapy.utils - INFO - Module loaded.
2024-06-26 18:50:34,537 - elsapy.elssearch - INFO - Module loaded.
2024-06-26 18:50:45,006 - elsapy.elsclient - INFO - Module loaded.
2024-06-26 18:50:45,010 - elsapy.elsentity - INFO - Module loaded.
2024-06-26 18:50:45,012 - elsapy.elsdoc - INFO - Module loaded.
2024-06-26 18:50:45,016 - elsapy.utils - INFO - Module loaded.
2024-06-26 18:50:45,017 - elsapy.elssearch - INFO - Module loaded.
2024-06-26 19:20:07,684 - elsapy.elsclient - INFO - Module loaded.
2024-06-26 19:20:07,687 - elsapy.elsentity - INFO - Module loaded.
2024-06-26 19:20:07,688 - elsapy.elsdoc - INFO - Module loaded.
2024-06-26 19:20:07,693 - elsapy.utils - INFO - Module loaded.
2024-06-26 19:20:07,694 - elsapy.elssearch - INFO - Module loaded.
2024-06-26 23:34:41,076 - elsapy.elsclient - INFO - Module loaded.
2024-06-26 23:34:41,080 - elsapy.utils - INFO - Module loaded.
2024-06-26 23:34:41,081 - elsapy.elssearch - INFO - Module loaded.
2024-06-26 23:49:03,621 - elsapy.elsclient - INFO - Module loaded.
2024-06-26 23:49:03,624 - elsapy.utils - INFO - Module loaded.
2024-06-26 23:49:03,624 - elsapy.elssearch - INFO - Module loaded.
2024-06-26 23:49:50,284 - elsapy.elsclient - INFO - Module loaded.
2024-06-26 23:49:50,286 - elsapy.utils - INFO - Module loaded.
2024-06-26 23:49:50,287 - elsapy.elssearch - INFO - Module loaded.
